[debug] [2021-09-22T00:13:19.362Z] ----------------------------------------------------------------------
[debug] [2021-09-22T00:13:19.364Z] Command:       C:\Program Files\nodejs\node.exe C:\Users\Nicolas\AppData\Roaming\npm\node_modules\firebase-tools\lib\bin\firebase.js deploy
[debug] [2021-09-22T00:13:19.365Z] CLI Version:   9.18.0
[debug] [2021-09-22T00:13:19.365Z] Platform:      win32
[debug] [2021-09-22T00:13:19.365Z] Node Version:  v14.17.5
[debug] [2021-09-22T00:13:19.366Z] Time:          Tue Sep 21 2021 17:13:19 GMT-0700 (Pacific Daylight Time)
[debug] [2021-09-22T00:13:19.366Z] ----------------------------------------------------------------------
[debug] 
[debug] [2021-09-22T00:13:19.416Z] > command requires scopes: ["email","openid","https://www.googleapis.com/auth/cloudplatformprojects.readonly","https://www.googleapis.com/auth/firebase","https://www.googleapis.com/auth/cloud-platform"]
[debug] [2021-09-22T00:13:19.417Z] > authorizing via signed-in user (nicolas@nftrees.com)
[debug] [2021-09-22T00:13:19.417Z] [iam] checking project nftrees-firebase for permissions ["cloudfunctions.functions.create","cloudfunctions.functions.delete","cloudfunctions.functions.get","cloudfunctions.functions.list","cloudfunctions.functions.update","cloudfunctions.operations.get","datastore.indexes.create","datastore.indexes.delete","datastore.indexes.list","datastore.indexes.update","firebase.projects.get","firebasehosting.sites.update"]
[debug] [2021-09-22T00:13:19.419Z] >>> HTTP REQUEST POST https://cloudresourcemanager.googleapis.com/v1/projects/nftrees-firebase:testIamPermissions  
 {"permissions":["cloudfunctions.functions.create","cloudfunctions.functions.delete","cloudfunctions.functions.get","cloudfunctions.functions.list","cloudfunctions.functions.update","cloudfunctions.operations.get","datastore.indexes.create","datastore.indexes.delete","datastore.indexes.list","datastore.indexes.update","firebase.projects.get","firebasehosting.sites.update"]}
[debug] [2021-09-22T00:13:19.717Z] <<< HTTP RESPONSE 200 {"content-type":"application/json; charset=UTF-8","vary":"X-Origin, Referer, Origin,Accept-Encoding","date":"Wed, 22 Sep 2021 00:13:19 GMT","server":"ESF","cache-control":"private","x-xss-protection":"0","x-frame-options":"SAMEORIGIN","x-content-type-options":"nosniff","server-timing":"gfet4t7; dur=185","alt-svc":"h3=\":443\"; ma=2592000,h3-29=\":443\"; ma=2592000,h3-T051=\":443\"; ma=2592000,h3-Q050=\":443\"; ma=2592000,h3-Q046=\":443\"; ma=2592000,h3-Q043=\":443\"; ma=2592000,quic=\":443\"; ma=2592000; v=\"46,43\"","accept-ranges":"none","transfer-encoding":"chunked"}
[debug] [2021-09-22T00:13:19.718Z] >>> HTTP REQUEST POST https://iam.googleapis.com/v1/projects/nftrees-firebase/serviceAccounts/nftrees-firebase@appspot.gserviceaccount.com:testIamPermissions  
 {"permissions":["iam.serviceAccounts.actAs"]}
[debug] [2021-09-22T00:13:19.943Z] <<< HTTP RESPONSE 200 {"content-type":"application/json; charset=UTF-8","vary":"X-Origin, Referer, Origin,Accept-Encoding","date":"Wed, 22 Sep 2021 00:13:19 GMT","server":"ESF","cache-control":"private","x-xss-protection":"0","x-frame-options":"SAMEORIGIN","x-content-type-options":"nosniff","alt-svc":"h3=\":443\"; ma=2592000,h3-29=\":443\"; ma=2592000,h3-T051=\":443\"; ma=2592000,h3-Q050=\":443\"; ma=2592000,h3-Q046=\":443\"; ma=2592000,h3-Q043=\":443\"; ma=2592000,quic=\":443\"; ma=2592000; v=\"46,43\"","accept-ranges":"none","transfer-encoding":"chunked"}
[debug] [2021-09-22T00:13:19.945Z] > refreshing access token with scopes: []
[debug] [2021-09-22T00:13:19.945Z] >>> HTTP REQUEST POST https://www.googleapis.com/oauth2/v3/token  
 <request body omitted>
[debug] [2021-09-22T00:13:20.089Z] <<< HTTP RESPONSE 200 {"date":"Wed, 22 Sep 2021 00:13:20 GMT","expires":"Mon, 01 Jan 1990 00:00:00 GMT","pragma":"no-cache","cache-control":"no-cache, no-store, max-age=0, must-revalidate","content-type":"application/json; charset=utf-8","vary":"X-Origin, Referer, Origin,Accept-Encoding","server":"scaffolding on HTTPServer2","x-xss-protection":"0","x-frame-options":"SAMEORIGIN","x-content-type-options":"nosniff","alt-svc":"h3=\":443\"; ma=2592000,h3-29=\":443\"; ma=2592000,h3-T051=\":443\"; ma=2592000,h3-Q050=\":443\"; ma=2592000,h3-Q046=\":443\"; ma=2592000,h3-Q043=\":443\"; ma=2592000,quic=\":443\"; ma=2592000; v=\"46,43\"","accept-ranges":"none","transfer-encoding":"chunked"}
[debug] [2021-09-22T00:13:20.102Z] >>> [apiv2][query] GET https://firebase.googleapis.com/v1beta1/projects/nftrees-firebase [none]
[debug] [2021-09-22T00:13:20.313Z] <<< [apiv2][status] GET https://firebase.googleapis.com/v1beta1/projects/nftrees-firebase 200
[debug] [2021-09-22T00:13:20.313Z] <<< [apiv2][body] GET https://firebase.googleapis.com/v1beta1/projects/nftrees-firebase {"projectId":"nftrees-firebase","projectNumber":"891218775922","displayName":"NFTrees","name":"projects/nftrees-firebase","resources":{"hostingSite":"nftrees-firebase","realtimeDatabaseInstance":"nftrees-firebase-default-rtdb","storageBucket":"nftrees-firebase.appspot.com","locationId":"us-west2"},"state":"ACTIVE"}
[info] 
[info] === Deploying to 'nftrees-firebase'...
[info] 
[info] i  deploying firestore, functions, hosting 
[info] Running command: npm --prefix "$RESOURCE_DIR" run lint
[info] +  functions: Finished running predeploy script. 
[info] i  firestore: reading indexes from firestore.indexes.json... 
[info] i  cloud.firestore: checking firestore.rules for compilation errors... 
[debug] [2021-09-22T00:13:23.194Z] > refreshing access token with scopes: ["email","https://www.googleapis.com/auth/cloud-platform","https://www.googleapis.com/auth/cloudplatformprojects.readonly","https://www.googleapis.com/auth/firebase","openid"]
[debug] [2021-09-22T00:13:23.194Z] >>> HTTP REQUEST POST https://www.googleapis.com/oauth2/v3/token  
 <request body omitted>
[debug] [2021-09-22T00:13:23.314Z] <<< HTTP RESPONSE 200 {"cache-control":"no-cache, no-store, max-age=0, must-revalidate","expires":"Mon, 01 Jan 1990 00:00:00 GMT","pragma":"no-cache","date":"Wed, 22 Sep 2021 00:13:23 GMT","content-type":"application/json; charset=utf-8","vary":"X-Origin, Referer, Origin,Accept-Encoding","server":"scaffolding on HTTPServer2","x-xss-protection":"0","x-frame-options":"SAMEORIGIN","x-content-type-options":"nosniff","alt-svc":"h3=\":443\"; ma=2592000,h3-29=\":443\"; ma=2592000,h3-T051=\":443\"; ma=2592000,h3-Q050=\":443\"; ma=2592000,h3-Q046=\":443\"; ma=2592000,h3-Q043=\":443\"; ma=2592000,quic=\":443\"; ma=2592000; v=\"46,43\"","accept-ranges":"none","transfer-encoding":"chunked"}
[debug] [2021-09-22T00:13:23.326Z] >>> HTTP REQUEST POST https://firebaserules.googleapis.com/v1/projects/nftrees-firebase:test  
 {"source":{"files":[{"name":"firestore.rules","content":"rules_version = '2';\r\nservice cloud.firestore {\r\n  match /databases/{database}/documents {\r\n    match /{document=**} {\r\n      allow read, write: if false;\r\n    }\r\n  }\r\n}"}]}}
[debug] [2021-09-22T00:13:23.723Z] <<< HTTP RESPONSE 200 {"content-type":"application/json; charset=UTF-8","vary":"X-Origin, Referer, Origin,Accept-Encoding","date":"Wed, 22 Sep 2021 00:13:23 GMT","server":"ESF","cache-control":"private","x-xss-protection":"0","x-frame-options":"SAMEORIGIN","x-content-type-options":"nosniff","alt-svc":"h3=\":443\"; ma=2592000,h3-29=\":443\"; ma=2592000,h3-T051=\":443\"; ma=2592000,h3-Q050=\":443\"; ma=2592000,h3-Q046=\":443\"; ma=2592000,h3-Q043=\":443\"; ma=2592000,quic=\":443\"; ma=2592000; v=\"46,43\"","accept-ranges":"none","transfer-encoding":"chunked"}
[info] +  cloud.firestore: rules file firestore.rules compiled successfully 
[debug] [2021-09-22T00:13:23.726Z] Validating nodejs source
[warn] !  functions: package.json indicates an outdated version of firebase-functions.
Please upgrade using npm install --save firebase-functions@latest in your functions directory. 
[debug] [2021-09-22T00:13:26.654Z] > [functions] package.json contents: {
  "name": "functions",
  "description": "Cloud Functions for Firebase",
  "scripts": {
    "lint": "eslint .",
    "serve": "firebase emulators:start --only functions",
    "shell": "firebase functions:shell",
    "start": "npm run shell",
    "deploy": "firebase deploy --only functions",
    "logs": "firebase functions:log"
  },
  "engines": {
    "node": "14"
  },
  "main": "index.js",
  "dependencies": {
    "firebase-admin": "^9.8.0",
    "firebase-functions": "^3.14.1"
  },
  "devDependencies": {
    "eslint": "^7.6.0",
    "eslint-config-google": "^0.14.0",
    "firebase-functions-test": "^0.2.0"
  },
  "private": true
}
[debug] [2021-09-22T00:13:26.654Z] Building nodejs source
[info] i  functions: ensuring required API cloudfunctions.googleapis.com is enabled... 
[info] i  functions: ensuring required API cloudbuild.googleapis.com is enabled... 
[debug] [2021-09-22T00:13:26.656Z] >>> HTTP REQUEST GET https://serviceusage.googleapis.com/v1/projects/nftrees-firebase/services/cloudfunctions.googleapis.com  
 
[debug] [2021-09-22T00:13:26.657Z] >>> HTTP REQUEST GET https://serviceusage.googleapis.com/v1/projects/nftrees-firebase/services/runtimeconfig.googleapis.com  
 
[debug] [2021-09-22T00:13:26.657Z] >>> HTTP REQUEST GET https://serviceusage.googleapis.com/v1/projects/nftrees-firebase/services/cloudbuild.googleapis.com  
 
[debug] [2021-09-22T00:13:27.118Z] <<< HTTP RESPONSE 200 {"content-type":"application/json; charset=UTF-8","vary":"X-Origin, Referer, Origin,Accept-Encoding","date":"Wed, 22 Sep 2021 00:13:27 GMT","server":"ESF","cache-control":"private","x-xss-protection":"0","x-frame-options":"SAMEORIGIN","x-content-type-options":"nosniff","alt-svc":"h3=\":443\"; ma=2592000,h3-29=\":443\"; ma=2592000,h3-T051=\":443\"; ma=2592000,h3-Q050=\":443\"; ma=2592000,h3-Q046=\":443\"; ma=2592000,h3-Q043=\":443\"; ma=2592000,quic=\":443\"; ma=2592000; v=\"46,43\"","accept-ranges":"none","transfer-encoding":"chunked"}
[debug] [2021-09-22T00:13:27.139Z] <<< HTTP RESPONSE 200 {"content-type":"application/json; charset=UTF-8","vary":"X-Origin, Referer, Origin,Accept-Encoding","date":"Wed, 22 Sep 2021 00:13:27 GMT","server":"ESF","cache-control":"private","x-xss-protection":"0","x-frame-options":"SAMEORIGIN","x-content-type-options":"nosniff","alt-svc":"h3=\":443\"; ma=2592000,h3-29=\":443\"; ma=2592000,h3-T051=\":443\"; ma=2592000,h3-Q050=\":443\"; ma=2592000,h3-Q046=\":443\"; ma=2592000,h3-Q043=\":443\"; ma=2592000,quic=\":443\"; ma=2592000; v=\"46,43\"","accept-ranges":"none","transfer-encoding":"chunked"}
[info] +  functions: required API cloudbuild.googleapis.com is enabled 
[debug] [2021-09-22T00:13:27.146Z] <<< HTTP RESPONSE 200 {"content-type":"application/json; charset=UTF-8","vary":"X-Origin, Referer, Origin,Accept-Encoding","date":"Wed, 22 Sep 2021 00:13:27 GMT","server":"ESF","cache-control":"private","x-xss-protection":"0","x-frame-options":"SAMEORIGIN","x-content-type-options":"nosniff","alt-svc":"h3=\":443\"; ma=2592000,h3-29=\":443\"; ma=2592000,h3-T051=\":443\"; ma=2592000,h3-Q050=\":443\"; ma=2592000,h3-Q046=\":443\"; ma=2592000,h3-Q043=\":443\"; ma=2592000,quic=\":443\"; ma=2592000; v=\"46,43\"","accept-ranges":"none","transfer-encoding":"chunked"}
[info] +  functions: required API cloudfunctions.googleapis.com is enabled 
[debug] [2021-09-22T00:13:27.147Z] >>> HTTP REQUEST GET https://firebase.googleapis.com/v1beta1/projects/nftrees-firebase/adminSdkConfig  
 
[debug] [2021-09-22T00:13:27.334Z] <<< HTTP RESPONSE 200 {"content-type":"application/json; charset=UTF-8","vary":"X-Origin, Referer, Origin,Accept-Encoding","date":"Wed, 22 Sep 2021 00:13:27 GMT","server":"ESF","cache-control":"private","x-xss-protection":"0","x-frame-options":"SAMEORIGIN","x-content-type-options":"nosniff","alt-svc":"h3=\":443\"; ma=2592000,h3-29=\":443\"; ma=2592000,h3-T051=\":443\"; ma=2592000,h3-Q050=\":443\"; ma=2592000,h3-Q046=\":443\"; ma=2592000,h3-Q043=\":443\"; ma=2592000,quic=\":443\"; ma=2592000; v=\"46,43\"","accept-ranges":"none","transfer-encoding":"chunked"}
[debug] [2021-09-22T00:13:27.335Z] >>> HTTP REQUEST GET https://runtimeconfig.googleapis.com/v1beta1/projects/nftrees-firebase/configs  
 
[debug] [2021-09-22T00:13:27.784Z] <<< HTTP RESPONSE 200 {"content-type":"application/json; charset=UTF-8","vary":"X-Origin, Referer, Origin,Accept-Encoding","date":"Wed, 22 Sep 2021 00:13:27 GMT","server":"ESF","cache-control":"private","x-xss-protection":"0","x-frame-options":"SAMEORIGIN","x-content-type-options":"nosniff","alt-svc":"h3=\":443\"; ma=2592000,h3-29=\":443\"; ma=2592000,h3-T051=\":443\"; ma=2592000,h3-Q050=\":443\"; ma=2592000,h3-Q046=\":443\"; ma=2592000,h3-Q043=\":443\"; ma=2592000,quic=\":443\"; ma=2592000; v=\"46,43\"","accept-ranges":"none","transfer-encoding":"chunked"}
[debug] [2021-09-22T00:13:27.785Z] >>> HTTP REQUEST GET https://runtimeconfig.googleapis.com/v1beta1/projects/nftrees-firebase/configs/etherscan/variables  
 
[debug] [2021-09-22T00:13:27.996Z] <<< HTTP RESPONSE 200 {"content-type":"application/json; charset=UTF-8","vary":"X-Origin, Referer, Origin,Accept-Encoding","date":"Wed, 22 Sep 2021 00:13:27 GMT","server":"ESF","cache-control":"private","x-xss-protection":"0","x-frame-options":"SAMEORIGIN","x-content-type-options":"nosniff","alt-svc":"h3=\":443\"; ma=2592000,h3-29=\":443\"; ma=2592000,h3-T051=\":443\"; ma=2592000,h3-Q050=\":443\"; ma=2592000,h3-Q046=\":443\"; ma=2592000,h3-Q043=\":443\"; ma=2592000,quic=\":443\"; ma=2592000; v=\"46,43\"","accept-ranges":"none","transfer-encoding":"chunked"}
[debug] [2021-09-22T00:13:27.997Z] >>> HTTP REQUEST GET https://runtimeconfig.googleapis.com/v1beta1/projects/nftrees-firebase/configs/etherscan/variables/key  
 
[debug] [2021-09-22T00:13:28.178Z] <<< HTTP RESPONSE 200 {"content-type":"application/json; charset=UTF-8","vary":"X-Origin, Referer, Origin,Accept-Encoding","date":"Wed, 22 Sep 2021 00:13:28 GMT","server":"ESF","cache-control":"private","x-xss-protection":"0","x-frame-options":"SAMEORIGIN","x-content-type-options":"nosniff","alt-svc":"h3=\":443\"; ma=2592000,h3-29=\":443\"; ma=2592000,h3-T051=\":443\"; ma=2592000,h3-Q050=\":443\"; ma=2592000,h3-Q046=\":443\"; ma=2592000,h3-Q043=\":443\"; ma=2592000,quic=\":443\"; ma=2592000; v=\"46,43\"","accept-ranges":"none","transfer-encoding":"chunked"}
[debug] [2021-09-22T00:13:28.180Z] Analyzing nodejs backend spec
[info] i  functions: preparing functions directory for uploading... 
[info] i  functions: packaged functions (34.77 KB) for uploading 
[debug] [2021-09-22T00:13:28.367Z] >>> HTTP REQUEST GET https://cloudfunctions.googleapis.com/v1/projects/nftrees-firebase/locations/-/functions  
 
[debug] [2021-09-22T00:13:28.975Z] <<< HTTP RESPONSE 200 {"content-type":"application/json; charset=UTF-8","vary":"X-Origin, Referer, Origin,Accept-Encoding","date":"Wed, 22 Sep 2021 00:13:28 GMT","server":"ESF","cache-control":"private","x-xss-protection":"0","x-frame-options":"SAMEORIGIN","x-content-type-options":"nosniff","alt-svc":"h3=\":443\"; ma=2592000,h3-29=\":443\"; ma=2592000,h3-T051=\":443\"; ma=2592000,h3-Q050=\":443\"; ma=2592000,h3-Q046=\":443\"; ma=2592000,h3-Q043=\":443\"; ma=2592000,quic=\":443\"; ma=2592000; v=\"46,43\"","accept-ranges":"none","transfer-encoding":"chunked"}
[debug] [2021-09-22T00:13:28.977Z] >>> HTTP REQUEST POST https://firebasehosting.googleapis.com/v1beta1/sites/nftrees-firebase/versions  
 {"config":{"rewrites":[{"glob":"**","path":"/index.html"}]},"labels":{"deployment-tool":"cli-firebase"}}
[debug] [2021-09-22T00:13:29.678Z] <<< HTTP RESPONSE 200 {"content-type":"application/json; charset=UTF-8","vary":"X-Origin, Referer, Origin,Accept-Encoding","date":"Wed, 22 Sep 2021 00:13:29 GMT","server":"ESF","cache-control":"private","x-xss-protection":"0","x-frame-options":"SAMEORIGIN","x-content-type-options":"nosniff","alt-svc":"h3=\":443\"; ma=2592000,h3-29=\":443\"; ma=2592000,h3-T051=\":443\"; ma=2592000,h3-Q050=\":443\"; ma=2592000,h3-Q046=\":443\"; ma=2592000,h3-Q043=\":443\"; ma=2592000,quic=\":443\"; ma=2592000; v=\"46,43\"","accept-ranges":"none","transfer-encoding":"chunked"}
[debug] [2021-09-22T00:13:29.680Z] >>> HTTP REQUEST GET https://firebaserules.googleapis.com/v1/projects/nftrees-firebase/releases?pageSize=10&pageToken=  
 
[debug] [2021-09-22T00:13:29.680Z] >>> HTTP REQUEST GET https://firestore.googleapis.com/v1/projects/nftrees-firebase/databases/(default)/collectionGroups/-/indexes  
 
[debug] [2021-09-22T00:13:29.837Z] <<< HTTP RESPONSE 200 {"content-type":"application/json; charset=UTF-8","vary":"X-Origin, Referer, Origin,Accept-Encoding","date":"Wed, 22 Sep 2021 00:13:29 GMT","server":"ESF","cache-control":"private","x-xss-protection":"0","x-frame-options":"SAMEORIGIN","x-content-type-options":"nosniff","alt-svc":"h3=\":443\"; ma=2592000,h3-29=\":443\"; ma=2592000,h3-T051=\":443\"; ma=2592000,h3-Q050=\":443\"; ma=2592000,h3-Q046=\":443\"; ma=2592000,h3-Q043=\":443\"; ma=2592000,quic=\":443\"; ma=2592000; v=\"46,43\"","accept-ranges":"none","transfer-encoding":"chunked"}
[debug] [2021-09-22T00:13:29.837Z] >>> HTTP REQUEST GET https://firestore.googleapis.com/v1/projects/nftrees-firebase/databases/(default)/collectionGroups/-/fields?filter=indexConfig.usesAncestorConfig=false  
 
[debug] [2021-09-22T00:13:29.970Z] <<< HTTP RESPONSE 200 {"content-type":"application/json; charset=UTF-8","vary":"X-Origin, Referer, Origin,Accept-Encoding","date":"Wed, 22 Sep 2021 00:13:29 GMT","server":"ESF","cache-control":"private","x-xss-protection":"0","x-frame-options":"SAMEORIGIN","x-content-type-options":"nosniff","alt-svc":"h3=\":443\"; ma=2592000,h3-29=\":443\"; ma=2592000,h3-T051=\":443\"; ma=2592000,h3-Q050=\":443\"; ma=2592000,h3-Q046=\":443\"; ma=2592000,h3-Q043=\":443\"; ma=2592000,quic=\":443\"; ma=2592000; v=\"46,43\"","accept-ranges":"none","transfer-encoding":"chunked"}
[info] +  firestore: deployed indexes in firestore.indexes.json successfully 
[debug] [2021-09-22T00:13:30.048Z] <<< HTTP RESPONSE 200 {"content-type":"application/json; charset=UTF-8","vary":"X-Origin, Referer, Origin,Accept-Encoding","date":"Wed, 22 Sep 2021 00:13:30 GMT","server":"ESF","cache-control":"private","x-xss-protection":"0","x-frame-options":"SAMEORIGIN","x-content-type-options":"nosniff","alt-svc":"h3=\":443\"; ma=2592000,h3-29=\":443\"; ma=2592000,h3-T051=\":443\"; ma=2592000,h3-Q050=\":443\"; ma=2592000,h3-Q046=\":443\"; ma=2592000,h3-Q043=\":443\"; ma=2592000,quic=\":443\"; ma=2592000; v=\"46,43\"","accept-ranges":"none","transfer-encoding":"chunked"}
[debug] [2021-09-22T00:13:30.049Z] >>> HTTP REQUEST GET https://firebaserules.googleapis.com/v1/projects/nftrees-firebase/rulesets/ac385384-bc3f-4c10-a18a-4a1871fd14b2  
 
[debug] [2021-09-22T00:13:30.408Z] <<< HTTP RESPONSE 200 {"content-type":"application/json; charset=UTF-8","vary":"X-Origin, Referer, Origin,Accept-Encoding","date":"Wed, 22 Sep 2021 00:13:30 GMT","server":"ESF","cache-control":"private","x-xss-protection":"0","x-frame-options":"SAMEORIGIN","x-content-type-options":"nosniff","alt-svc":"h3=\":443\"; ma=2592000,h3-29=\":443\"; ma=2592000,h3-T051=\":443\"; ma=2592000,h3-Q050=\":443\"; ma=2592000,h3-Q046=\":443\"; ma=2592000,h3-Q043=\":443\"; ma=2592000,quic=\":443\"; ma=2592000; v=\"46,43\"","accept-ranges":"none","transfer-encoding":"chunked"}
[info] i  firestore: latest version of firestore.rules already up to date, skipping upload... 
[debug] [2021-09-22T00:13:30.411Z] >>> HTTP REQUEST POST https://cloudfunctions.googleapis.com/v1/projects/nftrees-firebase/locations/us-central1/functions:generateUploadUrl  
 
[debug] [2021-09-22T00:13:31.234Z] <<< HTTP RESPONSE 200 {"content-type":"application/json; charset=UTF-8","vary":"X-Origin, Referer, Origin,Accept-Encoding","date":"Wed, 22 Sep 2021 00:13:31 GMT","server":"ESF","cache-control":"private","x-xss-protection":"0","x-frame-options":"SAMEORIGIN","x-content-type-options":"nosniff","alt-svc":"h3=\":443\"; ma=2592000,h3-29=\":443\"; ma=2592000,h3-T051=\":443\"; ma=2592000,h3-Q050=\":443\"; ma=2592000,h3-Q046=\":443\"; ma=2592000,h3-Q043=\":443\"; ma=2592000,quic=\":443\"; ma=2592000; v=\"46,43\"","accept-ranges":"none","transfer-encoding":"chunked"}
[debug] [2021-09-22T00:13:31.235Z] >>> HTTP REQUEST PUT https://storage.googleapis.com/gcf-upload-us-central1-a0b84167-6a33-4460-ab87-d463c94adb24/171a6c7a-ce14-4eb7-82d7-c8b61e480b26.zip?GoogleAccessId=service-891218775922@gcf-admin-robot.iam.gserviceaccount.com&Expires=1632271410&Signature=jrkLVfgoFXCh2zWjllpxixbIEk5d4X6VqqH1D1ZF6RBob21myWSzH3iJZ3%2FOWO9m3iQbSCul%2BGy%2Bo9aQ8dJguEyqXmAj94OJa4uuBZIhV1W6uj5R7%2F42T%2FwH9hat8oQ%2F4Sq%2FzAdpDdG2NPKQVf%2F44Tgfe3bzPqmypVW4iVCX4nKnjllCUOMm96VJLzVLRK1kNZfVIDb4GXWo%2BT%2FbGw0MWMzhugV1s1AAwEKsyVTx2nAUhXgIR2P6%2BzeJaWk8sPenbhsaJPSlMpwIDbKywqrZQkKIN7zPuOlkqX6%2FxTuf1WgT%2B4IUboyBdRB1tU2uhhA55BLOcJmqrgTPlIMHVPQW9g%3D%3D  
 <request body omitted>
[debug] [2021-09-22T00:13:31.665Z] <<< HTTP RESPONSE 200 {"x-guploader-uploadid":"ADPycdsWtWmrRsCN2dlXl4wFFV04bkRyPLMSm9NOyA-5ln9m3p-_stQQSIRUGK2phhr25ZhNhjYOsFroqiJtRCy4xw","etag":"\"f1902cec38325dc28dedf37443accb2e\"","x-goog-generation":"1632269611626312","x-goog-metageneration":"1","x-goog-hash":"crc32c=WiZ3tw==, md5=8ZAs7DgyXcKN7fN0Q6zLLg==","x-goog-stored-content-length":"35606","x-goog-stored-content-encoding":"identity","vary":"Origin","content-length":"0","date":"Wed, 22 Sep 2021 00:13:31 GMT","server":"UploadServer","content-type":"text/html; charset=UTF-8","alt-svc":"h3=\":443\"; ma=2592000,h3-29=\":443\"; ma=2592000,h3-T051=\":443\"; ma=2592000,h3-Q050=\":443\"; ma=2592000,h3-Q046=\":443\"; ma=2592000,h3-Q043=\":443\"; ma=2592000,quic=\":443\"; ma=2592000; v=\"46,43\""}
[info] +  functions: functions folder uploaded successfully 
[info] i  hosting[nftrees-firebase]: beginning deploy... 
[info] i  hosting[nftrees-firebase]: found 21 files in build 
[debug] [2021-09-22T00:13:31.894Z] > refreshing access token with scopes: []
[debug] [2021-09-22T00:13:31.894Z] >>> HTTP REQUEST POST https://www.googleapis.com/oauth2/v3/token  
 <request body omitted>
[debug] [2021-09-22T00:13:31.897Z] [hosting] hash cache [YnVpbGQ] stored for 21 files
[debug] [2021-09-22T00:13:31.897Z] [hosting][hash queue][FINAL] {"max":208,"min":3,"avg":20.523809523809526,"active":0,"complete":21,"success":21,"errored":0,"retried":0,"total":21,"elapsed":214}
[debug] [2021-09-22T00:13:32.012Z] <<< HTTP RESPONSE 200 {"date":"Wed, 22 Sep 2021 00:13:31 GMT","cache-control":"no-cache, no-store, max-age=0, must-revalidate","pragma":"no-cache","expires":"Mon, 01 Jan 1990 00:00:00 GMT","content-type":"application/json; charset=utf-8","vary":"X-Origin, Referer, Origin,Accept-Encoding","server":"scaffolding on HTTPServer2","x-xss-protection":"0","x-frame-options":"SAMEORIGIN","x-content-type-options":"nosniff","alt-svc":"h3=\":443\"; ma=2592000,h3-29=\":443\"; ma=2592000,h3-T051=\":443\"; ma=2592000,h3-Q050=\":443\"; ma=2592000,h3-Q046=\":443\"; ma=2592000,h3-Q043=\":443\"; ma=2592000,quic=\":443\"; ma=2592000; v=\"46,43\"","accept-ranges":"none","transfer-encoding":"chunked"}
[debug] [2021-09-22T00:13:32.031Z] >>> [apiv2][query] POST https://firebasehosting.googleapis.com/v1beta1/sites/nftrees-firebase/versions/62ffbeec4b2fcfda:populateFiles [none]
[debug] [2021-09-22T00:13:32.031Z] >>> [apiv2][body] POST https://firebasehosting.googleapis.com/v1beta1/sites/nftrees-firebase/versions/62ffbeec4b2fcfda:populateFiles {"files":{"/manifest.json":"1df259db5145dc0beacbaa51ff96ccca415a0adbd6ee8e5b59b76c279e678e07\r","/robots.txt":"b2090cf9761ef60aa06e4fab97679bd43dfa5e5df073701ead5879d7c68f1ec5\r","/assets/anime-icon.png":"5bcdfda0ccbd6b9bda83b5d098454ea5df70d156f1e4475e851f05a86a3b2fba\r","/assets/icon.png":"1fe7469e1e2684ea6a03631c678ccdbcd51241c6547c8b6cb322ec227fc66250\r","/asset-manifest.json":"b39eecd6b023c4905769047ed8a33ac6c91a315d3396d26010bb8713a2d4a74f","/index.html":"395314d74cfddab4fa16268ce6662387d9a0f3c0e1ad5c80fd6e17bfcf2ec312","/static/css/main.8864a9a7.chunk.css":"e1d3d838c8fa0af4523f0117aa1c2dab1520ed51ec69623c55692d94baf73d85","/static/css/main.8864a9a7.chunk.css.map":"e6d0881172b2a7eb131d42e1d511df913dbaa643f692aeb2a300c2058945db2d","/static/js/2.e5f2fa88.chunk.js.LICENSE.txt":"c585584484a53b95995eae5e565865edbb98d9007477a6dfd1db955529815c2b","/static/js/3.67690f1e.chunk.js.map":"042dc1b08fe74fc4d63873e821679db0655efadb41888782b237c6d4340490f2","/static/js/3.67690f1e.chunk.js":"612ff8e7d0caf61805635721835b76136f0170ae6b835f86ec4f59b1549762f3","/static/js/main.47fe746b.chunk.js":"4ce0dee582d58038fe3c925f25b19e18379166072f36a85625537b13de53bbca","/static/js/runtime-main.6ff931ab.js":"4a3a2fe26a5f317181f23c00ef6013226efce3b45431fca3e677261a32668e6b","/static/js/main.47fe746b.chunk.js.map":"73900161e8c21768496174e8cd606aac3f6360ac9360582ba9e1c7cc13dc342a","/static/js/runtime-main.6ff931ab.js.map":"f47438ad9abad5d8172495204292227088c0ea37b519d490625576a2d6f364fd","/static/media/logo.e9236584.png":"1fe7469e1e2684ea6a03631c678ccdbcd51241c6547c8b6cb322ec227fc66250","/static/css/2.ebe04f07.chunk.css":"3148f12ec50969547792d25b2dd1208f71c8b8571df3016fc3dc3ddefaf49a60","/static/media/test.76925f40.jpg":"66f6a4a20b9fade7d39d9ced9623d7ff2652ebc143fd086b47bd6970986231df","/static/js/2.e5f2fa88.chunk.js":"b9518fba7512757e16630b8d953d57f425416e7eb13067cc425078ef9d134b5c","/static/css/2.ebe04f07.chunk.css.map":"4ac77d69f38a07baf1ade7385e0828855633911fc8d018b7a43216a3e155e01c","/static/js/2.e5f2fa88.chunk.js.map":"7bdfda478ed028a92d57150e2954dadc2732b64c5be03f8e935d9a672b06f889"}}
[debug] [2021-09-22T00:13:32.552Z] <<< [apiv2][status] POST https://firebasehosting.googleapis.com/v1beta1/sites/nftrees-firebase/versions/62ffbeec4b2fcfda:populateFiles 200
[debug] [2021-09-22T00:13:32.552Z] <<< [apiv2][body] POST https://firebasehosting.googleapis.com/v1beta1/sites/nftrees-firebase/versions/62ffbeec4b2fcfda:populateFiles {"uploadRequiredHashes":["395314d74cfddab4fa16268ce6662387d9a0f3c0e1ad5c80fd6e17bfcf2ec312"],"uploadUrl":"https://upload-firebasehosting.googleapis.com/upload/sites/nftrees-firebase/versions/62ffbeec4b2fcfda/files"}
[debug] [2021-09-22T00:13:32.553Z] >>> [apiv2][query] POST https://upload-firebasehosting.googleapis.com/upload/sites/nftrees-firebase/versions/62ffbeec4b2fcfda/files/395314d74cfddab4fa16268ce6662387d9a0f3c0e1ad5c80fd6e17bfcf2ec312 [none]
[debug] [2021-09-22T00:13:32.553Z] >>> [apiv2][body] POST https://upload-firebasehosting.googleapis.com/upload/sites/nftrees-firebase/versions/62ffbeec4b2fcfda/files/395314d74cfddab4fa16268ce6662387d9a0f3c0e1ad5c80fd6e17bfcf2ec312 [stream]
[debug] [2021-09-22T00:13:32.554Z] [hosting][populate queue][FINAL] {"max":659,"min":659,"avg":659,"active":0,"complete":1,"success":1,"errored":0,"retried":0,"total":1,"elapsed":660}
[debug] [2021-09-22T00:13:32.555Z] [hosting] uploads queued: 1
[debug] [2021-09-22T00:13:33.291Z] <<< [apiv2][status] POST https://upload-firebasehosting.googleapis.com/upload/sites/nftrees-firebase/versions/62ffbeec4b2fcfda/files/395314d74cfddab4fa16268ce6662387d9a0f3c0e1ad5c80fd6e17bfcf2ec312 200
[debug] [2021-09-22T00:13:33.291Z] <<< [apiv2][body] POST https://upload-firebasehosting.googleapis.com/upload/sites/nftrees-firebase/versions/62ffbeec4b2fcfda/files/395314d74cfddab4fa16268ce6662387d9a0f3c0e1ad5c80fd6e17bfcf2ec312 [stream]
[debug] [2021-09-22T00:13:33.292Z] [hosting][upload queue][FINAL] {"max":739,"min":739,"avg":739,"active":0,"complete":1,"success":1,"errored":0,"retried":0,"total":1,"elapsed":740}
[info] +  hosting[nftrees-firebase]: file upload complete 
[debug] [2021-09-22T00:13:33.292Z] [hosting] deploy completed after 1626ms
[debug] [2021-09-22T00:13:33.293Z] [rules] releasing cloud.firestore with ruleset projects/nftrees-firebase/rulesets/ac385384-bc3f-4c10-a18a-4a1871fd14b2
[debug] [2021-09-22T00:13:33.293Z] > refreshing access token with scopes: ["email","https://www.googleapis.com/auth/cloud-platform","https://www.googleapis.com/auth/cloudplatformprojects.readonly","https://www.googleapis.com/auth/firebase","openid"]
[debug] [2021-09-22T00:13:33.293Z] >>> HTTP REQUEST POST https://www.googleapis.com/oauth2/v3/token  
 <request body omitted>
[debug] [2021-09-22T00:13:33.398Z] <<< HTTP RESPONSE 200 {"cache-control":"no-cache, no-store, max-age=0, must-revalidate","expires":"Mon, 01 Jan 1990 00:00:00 GMT","date":"Wed, 22 Sep 2021 00:13:33 GMT","pragma":"no-cache","content-type":"application/json; charset=utf-8","vary":"X-Origin, Referer, Origin,Accept-Encoding","server":"scaffolding on HTTPServer2","x-xss-protection":"0","x-frame-options":"SAMEORIGIN","x-content-type-options":"nosniff","alt-svc":"h3=\":443\"; ma=2592000,h3-29=\":443\"; ma=2592000,h3-T051=\":443\"; ma=2592000,h3-Q050=\":443\"; ma=2592000,h3-Q046=\":443\"; ma=2592000,h3-Q043=\":443\"; ma=2592000,quic=\":443\"; ma=2592000; v=\"46,43\"","accept-ranges":"none","transfer-encoding":"chunked"}
[debug] [2021-09-22T00:13:33.414Z] >>> HTTP REQUEST PATCH https://firebaserules.googleapis.com/v1/projects/nftrees-firebase/releases/cloud.firestore  
 {"release":{"name":"projects/nftrees-firebase/releases/cloud.firestore","rulesetName":"projects/nftrees-firebase/rulesets/ac385384-bc3f-4c10-a18a-4a1871fd14b2"}}
[debug] [2021-09-22T00:13:33.791Z] <<< HTTP RESPONSE 200 {"content-type":"application/json; charset=UTF-8","vary":"X-Origin, Referer, Origin,Accept-Encoding","date":"Wed, 22 Sep 2021 00:13:33 GMT","server":"ESF","cache-control":"private","x-xss-protection":"0","x-frame-options":"SAMEORIGIN","x-content-type-options":"nosniff","alt-svc":"h3=\":443\"; ma=2592000,h3-29=\":443\"; ma=2592000,h3-T051=\":443\"; ma=2592000,h3-Q050=\":443\"; ma=2592000,h3-Q046=\":443\"; ma=2592000,h3-Q043=\":443\"; ma=2592000,quic=\":443\"; ma=2592000; v=\"46,43\"","accept-ranges":"none","transfer-encoding":"chunked"}
[debug] [2021-09-22T00:13:33.791Z] [rules] updated release projects/nftrees-firebase/releases/cloud.firestore
[info] +  firestore: released rules firestore.rules to cloud.firestore 
[info] i  functions: updating Node.js 14 function getEtherscanKey(us-central1)... 
[debug] [2021-09-22T00:13:33.796Z] >>> HTTP REQUEST PATCH https://cloudfunctions.googleapis.com/v1/projects/nftrees-firebase/locations/us-central1/functions/getEtherscanKey {"updateMask":"name,sourceUploadUrl,entryPoint,runtime,httpsTrigger,labels,environmentVariables"} 
 {"name":"projects/nftrees-firebase/locations/us-central1/functions/getEtherscanKey","sourceUploadUrl":"https://storage.googleapis.com/gcf-upload-us-central1-a0b84167-6a33-4460-ab87-d463c94adb24/171a6c7a-ce14-4eb7-82d7-c8b61e480b26.zip?GoogleAccessId=service-891218775922@gcf-admin-robot.iam.gserviceaccount.com&Expires=1632271410&Signature=jrkLVfgoFXCh2zWjllpxixbIEk5d4X6VqqH1D1ZF6RBob21myWSzH3iJZ3%2FOWO9m3iQbSCul%2BGy%2Bo9aQ8dJguEyqXmAj94OJa4uuBZIhV1W6uj5R7%2F42T%2FwH9hat8oQ%2F4Sq%2FzAdpDdG2NPKQVf%2F44Tgfe3bzPqmypVW4iVCX4nKnjllCUOMm96VJLzVLRK1kNZfVIDb4GXWo%2BT%2FbGw0MWMzhugV1s1AAwEKsyVTx2nAUhXgIR2P6%2BzeJaWk8sPenbhsaJPSlMpwIDbKywqrZQkKIN7zPuOlkqX6%2FxTuf1WgT%2B4IUboyBdRB1tU2uhhA55BLOcJmqrgTPlIMHVPQW9g%3D%3D","entryPoint":"getEtherscanKey","runtime":"nodejs14","httpsTrigger":{},"labels":{"deployment-callable":"true","deployment-tool":"cli-firebase"},"environmentVariables":{"FIREBASE_CONFIG":"{\"projectId\":\"nftrees-firebase\",\"databaseURL\":\"https://nftrees-firebase-default-rtdb.firebaseio.com\",\"storageBucket\":\"nftrees-firebase.appspot.com\",\"locationId\":\"us-west2\"}","GCLOUD_PROJECT":"nftrees-firebase"}}
[debug] [2021-09-22T00:13:34.289Z] <<< HTTP RESPONSE 200 {"content-type":"application/json; charset=UTF-8","vary":"X-Origin, Referer, Origin,Accept-Encoding","date":"Wed, 22 Sep 2021 00:13:34 GMT","server":"ESF","cache-control":"private","x-xss-protection":"0","x-frame-options":"SAMEORIGIN","x-content-type-options":"nosniff","alt-svc":"h3=\":443\"; ma=2592000,h3-29=\":443\"; ma=2592000,h3-T051=\":443\"; ma=2592000,h3-Q050=\":443\"; ma=2592000,h3-Q046=\":443\"; ma=2592000,h3-Q043=\":443\"; ma=2592000,quic=\":443\"; ma=2592000; v=\"46,43\"","accept-ranges":"none","transfer-encoding":"chunked"}
[debug] [2021-09-22T00:13:34.290Z] > refreshing access token with scopes: []
[debug] [2021-09-22T00:13:34.290Z] >>> HTTP REQUEST POST https://www.googleapis.com/oauth2/v3/token  
 <request body omitted>
[debug] [2021-09-22T00:13:34.396Z] <<< HTTP RESPONSE 200 {"pragma":"no-cache","date":"Wed, 22 Sep 2021 00:13:34 GMT","expires":"Mon, 01 Jan 1990 00:00:00 GMT","cache-control":"no-cache, no-store, max-age=0, must-revalidate","content-type":"application/json; charset=utf-8","vary":"X-Origin, Referer, Origin,Accept-Encoding","server":"scaffolding on HTTPServer2","x-xss-protection":"0","x-frame-options":"SAMEORIGIN","x-content-type-options":"nosniff","alt-svc":"h3=\":443\"; ma=2592000,h3-29=\":443\"; ma=2592000,h3-T051=\":443\"; ma=2592000,h3-Q050=\":443\"; ma=2592000,h3-Q046=\":443\"; ma=2592000,h3-Q043=\":443\"; ma=2592000,quic=\":443\"; ma=2592000; v=\"46,43\"","accept-ranges":"none","transfer-encoding":"chunked"}
[debug] [2021-09-22T00:13:34.413Z] >>> [apiv2][query] GET https://cloudfunctions.googleapis.com/v1/operations/bmZ0cmVlcy1maXJlYmFzZS91cy1jZW50cmFsMS9nZXRFdGhlcnNjYW5LZXkvQWlwWUc2b1ZldFk [none]
[debug] [2021-09-22T00:13:34.657Z] <<< [apiv2][status] GET https://cloudfunctions.googleapis.com/v1/operations/bmZ0cmVlcy1maXJlYmFzZS91cy1jZW50cmFsMS9nZXRFdGhlcnNjYW5LZXkvQWlwWUc2b1ZldFk 200
[debug] [2021-09-22T00:13:34.657Z] <<< [apiv2][body] GET https://cloudfunctions.googleapis.com/v1/operations/bmZ0cmVlcy1maXJlYmFzZS91cy1jZW50cmFsMS9nZXRFdGhlcnNjYW5LZXkvQWlwWUc2b1ZldFk {"name":"operations/bmZ0cmVlcy1maXJlYmFzZS91cy1jZW50cmFsMS9nZXRFdGhlcnNjYW5LZXkvQWlwWUc2b1ZldFk","metadata":{"@type":"type.googleapis.com/google.cloud.functions.v1.OperationMetadataV1","target":"projects/nftrees-firebase/locations/us-central1/functions/getEtherscanKey","type":"UPDATE_FUNCTION","request":{"@type":"type.googleapis.com/google.cloud.functions.v1.CloudFunction","name":"projects/nftrees-firebase/locations/us-central1/functions/getEtherscanKey","httpsTrigger":{},"status":"ACTIVE","entryPoint":"getEtherscanKey","timeout":"60s","availableMemoryMb":256,"serviceAccountEmail":"nftrees-firebase@appspot.gserviceaccount.com","updateTime":"2021-09-22T00:06:21.695Z","versionId":"6","labels":{"deployment-callable":"true","deployment-tool":"cli-firebase"},"sourceUploadUrl":"https://storage.googleapis.com/gcf-upload-us-central1-a0b84167-6a33-4460-ab87-d463c94adb24/171a6c7a-ce14-4eb7-82d7-c8b61e480b26.zip?GoogleAccessId=service-891218775922@gcf-admin-robot.iam.gserviceaccount.com&Expires=1632271410&Signature=jrkLVfgoFXCh2zWjllpxixbIEk5d4X6VqqH1D1ZF6RBob21myWSzH3iJZ3%2FOWO9m3iQbSCul%2BGy%2Bo9aQ8dJguEyqXmAj94OJa4uuBZIhV1W6uj5R7%2F42T%2FwH9hat8oQ%2F4Sq%2FzAdpDdG2NPKQVf%2F44Tgfe3bzPqmypVW4iVCX4nKnjllCUOMm96VJLzVLRK1kNZfVIDb4GXWo%2BT%2FbGw0MWMzhugV1s1AAwEKsyVTx2nAUhXgIR2P6%2BzeJaWk8sPenbhsaJPSlMpwIDbKywqrZQkKIN7zPuOlkqX6%2FxTuf1WgT%2B4IUboyBdRB1tU2uhhA55BLOcJmqrgTPlIMHVPQW9g%3D%3D","environmentVariables":{"FIREBASE_CONFIG":"{\"projectId\":\"nftrees-firebase\",\"databaseURL\":\"https://nftrees-firebase-default-rtdb.firebaseio.com\",\"storageBucket\":\"nftrees-firebase.appspot.com\",\"locationId\":\"us-west2\"}","GCLOUD_PROJECT":"nftrees-firebase"},"runtime":"nodejs14","ingressSettings":"ALLOW_ALL","buildId":"c2be7fb8-8b87-4698-8442-195a2f6f21bf","buildName":"projects/891218775922/locations/us-central1/builds/c2be7fb8-8b87-4698-8442-195a2f6f21bf"},"versionId":"7","updateTime":"2021-09-22T00:13:34Z","buildName":"projects/891218775922/locations/us-central1/builds/c2be7fb8-8b87-4698-8442-195a2f6f21bf"}}
[debug] [2021-09-22T00:13:35.167Z] [update-projects/nftrees-firebase/locations/us-central1/functions/getEtherscanKey] Retrying task index 0
[debug] [2021-09-22T00:13:35.168Z] >>> [apiv2][query] GET https://cloudfunctions.googleapis.com/v1/operations/bmZ0cmVlcy1maXJlYmFzZS91cy1jZW50cmFsMS9nZXRFdGhlcnNjYW5LZXkvQWlwWUc2b1ZldFk [none]
[debug] [2021-09-22T00:13:35.421Z] <<< [apiv2][status] GET https://cloudfunctions.googleapis.com/v1/operations/bmZ0cmVlcy1maXJlYmFzZS91cy1jZW50cmFsMS9nZXRFdGhlcnNjYW5LZXkvQWlwWUc2b1ZldFk 200
[debug] [2021-09-22T00:13:35.421Z] <<< [apiv2][body] GET https://cloudfunctions.googleapis.com/v1/operations/bmZ0cmVlcy1maXJlYmFzZS91cy1jZW50cmFsMS9nZXRFdGhlcnNjYW5LZXkvQWlwWUc2b1ZldFk {"name":"operations/bmZ0cmVlcy1maXJlYmFzZS91cy1jZW50cmFsMS9nZXRFdGhlcnNjYW5LZXkvQWlwWUc2b1ZldFk","metadata":{"@type":"type.googleapis.com/google.cloud.functions.v1.OperationMetadataV1","target":"projects/nftrees-firebase/locations/us-central1/functions/getEtherscanKey","type":"UPDATE_FUNCTION","request":{"@type":"type.googleapis.com/google.cloud.functions.v1.CloudFunction","name":"projects/nftrees-firebase/locations/us-central1/functions/getEtherscanKey","httpsTrigger":{},"status":"ACTIVE","entryPoint":"getEtherscanKey","timeout":"60s","availableMemoryMb":256,"serviceAccountEmail":"nftrees-firebase@appspot.gserviceaccount.com","updateTime":"2021-09-22T00:06:21.695Z","versionId":"6","labels":{"deployment-callable":"true","deployment-tool":"cli-firebase"},"sourceUploadUrl":"https://storage.googleapis.com/gcf-upload-us-central1-a0b84167-6a33-4460-ab87-d463c94adb24/171a6c7a-ce14-4eb7-82d7-c8b61e480b26.zip?GoogleAccessId=service-891218775922@gcf-admin-robot.iam.gserviceaccount.com&Expires=1632271410&Signature=jrkLVfgoFXCh2zWjllpxixbIEk5d4X6VqqH1D1ZF6RBob21myWSzH3iJZ3%2FOWO9m3iQbSCul%2BGy%2Bo9aQ8dJguEyqXmAj94OJa4uuBZIhV1W6uj5R7%2F42T%2FwH9hat8oQ%2F4Sq%2FzAdpDdG2NPKQVf%2F44Tgfe3bzPqmypVW4iVCX4nKnjllCUOMm96VJLzVLRK1kNZfVIDb4GXWo%2BT%2FbGw0MWMzhugV1s1AAwEKsyVTx2nAUhXgIR2P6%2BzeJaWk8sPenbhsaJPSlMpwIDbKywqrZQkKIN7zPuOlkqX6%2FxTuf1WgT%2B4IUboyBdRB1tU2uhhA55BLOcJmqrgTPlIMHVPQW9g%3D%3D","environmentVariables":{"FIREBASE_CONFIG":"{\"projectId\":\"nftrees-firebase\",\"databaseURL\":\"https://nftrees-firebase-default-rtdb.firebaseio.com\",\"storageBucket\":\"nftrees-firebase.appspot.com\",\"locationId\":\"us-west2\"}","GCLOUD_PROJECT":"nftrees-firebase"},"runtime":"nodejs14","ingressSettings":"ALLOW_ALL","buildId":"c2be7fb8-8b87-4698-8442-195a2f6f21bf","buildName":"projects/891218775922/locations/us-central1/builds/c2be7fb8-8b87-4698-8442-195a2f6f21bf"},"versionId":"7","updateTime":"2021-09-22T00:13:34Z","buildId":"2700e511-e645-4a24-b6a0-028e6e6c1535","buildName":"projects/891218775922/locations/us-central1/builds/2700e511-e645-4a24-b6a0-028e6e6c1535"}}
[debug] [2021-09-22T00:13:36.430Z] [update-projects/nftrees-firebase/locations/us-central1/functions/getEtherscanKey] Retrying task index 0
[debug] [2021-09-22T00:13:36.431Z] >>> [apiv2][query] GET https://cloudfunctions.googleapis.com/v1/operations/bmZ0cmVlcy1maXJlYmFzZS91cy1jZW50cmFsMS9nZXRFdGhlcnNjYW5LZXkvQWlwWUc2b1ZldFk [none]
[debug] [2021-09-22T00:13:36.674Z] <<< [apiv2][status] GET https://cloudfunctions.googleapis.com/v1/operations/bmZ0cmVlcy1maXJlYmFzZS91cy1jZW50cmFsMS9nZXRFdGhlcnNjYW5LZXkvQWlwWUc2b1ZldFk 200
[debug] [2021-09-22T00:13:36.674Z] <<< [apiv2][body] GET https://cloudfunctions.googleapis.com/v1/operations/bmZ0cmVlcy1maXJlYmFzZS91cy1jZW50cmFsMS9nZXRFdGhlcnNjYW5LZXkvQWlwWUc2b1ZldFk {"name":"operations/bmZ0cmVlcy1maXJlYmFzZS91cy1jZW50cmFsMS9nZXRFdGhlcnNjYW5LZXkvQWlwWUc2b1ZldFk","metadata":{"@type":"type.googleapis.com/google.cloud.functions.v1.OperationMetadataV1","target":"projects/nftrees-firebase/locations/us-central1/functions/getEtherscanKey","type":"UPDATE_FUNCTION","request":{"@type":"type.googleapis.com/google.cloud.functions.v1.CloudFunction","name":"projects/nftrees-firebase/locations/us-central1/functions/getEtherscanKey","httpsTrigger":{},"status":"ACTIVE","entryPoint":"getEtherscanKey","timeout":"60s","availableMemoryMb":256,"serviceAccountEmail":"nftrees-firebase@appspot.gserviceaccount.com","updateTime":"2021-09-22T00:06:21.695Z","versionId":"6","labels":{"deployment-callable":"true","deployment-tool":"cli-firebase"},"sourceUploadUrl":"https://storage.googleapis.com/gcf-upload-us-central1-a0b84167-6a33-4460-ab87-d463c94adb24/171a6c7a-ce14-4eb7-82d7-c8b61e480b26.zip?GoogleAccessId=service-891218775922@gcf-admin-robot.iam.gserviceaccount.com&Expires=1632271410&Signature=jrkLVfgoFXCh2zWjllpxixbIEk5d4X6VqqH1D1ZF6RBob21myWSzH3iJZ3%2FOWO9m3iQbSCul%2BGy%2Bo9aQ8dJguEyqXmAj94OJa4uuBZIhV1W6uj5R7%2F42T%2FwH9hat8oQ%2F4Sq%2FzAdpDdG2NPKQVf%2F44Tgfe3bzPqmypVW4iVCX4nKnjllCUOMm96VJLzVLRK1kNZfVIDb4GXWo%2BT%2FbGw0MWMzhugV1s1AAwEKsyVTx2nAUhXgIR2P6%2BzeJaWk8sPenbhsaJPSlMpwIDbKywqrZQkKIN7zPuOlkqX6%2FxTuf1WgT%2B4IUboyBdRB1tU2uhhA55BLOcJmqrgTPlIMHVPQW9g%3D%3D","environmentVariables":{"FIREBASE_CONFIG":"{\"projectId\":\"nftrees-firebase\",\"databaseURL\":\"https://nftrees-firebase-default-rtdb.firebaseio.com\",\"storageBucket\":\"nftrees-firebase.appspot.com\",\"locationId\":\"us-west2\"}","GCLOUD_PROJECT":"nftrees-firebase"},"runtime":"nodejs14","ingressSettings":"ALLOW_ALL","buildId":"c2be7fb8-8b87-4698-8442-195a2f6f21bf","buildName":"projects/891218775922/locations/us-central1/builds/c2be7fb8-8b87-4698-8442-195a2f6f21bf"},"versionId":"7","updateTime":"2021-09-22T00:13:34Z","buildId":"2700e511-e645-4a24-b6a0-028e6e6c1535","buildName":"projects/891218775922/locations/us-central1/builds/2700e511-e645-4a24-b6a0-028e6e6c1535"}}
[debug] [2021-09-22T00:13:38.682Z] [update-projects/nftrees-firebase/locations/us-central1/functions/getEtherscanKey] Retrying task index 0
[debug] [2021-09-22T00:13:38.683Z] >>> [apiv2][query] GET https://cloudfunctions.googleapis.com/v1/operations/bmZ0cmVlcy1maXJlYmFzZS91cy1jZW50cmFsMS9nZXRFdGhlcnNjYW5LZXkvQWlwWUc2b1ZldFk [none]
[debug] [2021-09-22T00:13:38.907Z] <<< [apiv2][status] GET https://cloudfunctions.googleapis.com/v1/operations/bmZ0cmVlcy1maXJlYmFzZS91cy1jZW50cmFsMS9nZXRFdGhlcnNjYW5LZXkvQWlwWUc2b1ZldFk 200
[debug] [2021-09-22T00:13:38.907Z] <<< [apiv2][body] GET https://cloudfunctions.googleapis.com/v1/operations/bmZ0cmVlcy1maXJlYmFzZS91cy1jZW50cmFsMS9nZXRFdGhlcnNjYW5LZXkvQWlwWUc2b1ZldFk {"name":"operations/bmZ0cmVlcy1maXJlYmFzZS91cy1jZW50cmFsMS9nZXRFdGhlcnNjYW5LZXkvQWlwWUc2b1ZldFk","metadata":{"@type":"type.googleapis.com/google.cloud.functions.v1.OperationMetadataV1","target":"projects/nftrees-firebase/locations/us-central1/functions/getEtherscanKey","type":"UPDATE_FUNCTION","request":{"@type":"type.googleapis.com/google.cloud.functions.v1.CloudFunction","name":"projects/nftrees-firebase/locations/us-central1/functions/getEtherscanKey","httpsTrigger":{},"status":"ACTIVE","entryPoint":"getEtherscanKey","timeout":"60s","availableMemoryMb":256,"serviceAccountEmail":"nftrees-firebase@appspot.gserviceaccount.com","updateTime":"2021-09-22T00:06:21.695Z","versionId":"6","labels":{"deployment-callable":"true","deployment-tool":"cli-firebase"},"sourceUploadUrl":"https://storage.googleapis.com/gcf-upload-us-central1-a0b84167-6a33-4460-ab87-d463c94adb24/171a6c7a-ce14-4eb7-82d7-c8b61e480b26.zip?GoogleAccessId=service-891218775922@gcf-admin-robot.iam.gserviceaccount.com&Expires=1632271410&Signature=jrkLVfgoFXCh2zWjllpxixbIEk5d4X6VqqH1D1ZF6RBob21myWSzH3iJZ3%2FOWO9m3iQbSCul%2BGy%2Bo9aQ8dJguEyqXmAj94OJa4uuBZIhV1W6uj5R7%2F42T%2FwH9hat8oQ%2F4Sq%2FzAdpDdG2NPKQVf%2F44Tgfe3bzPqmypVW4iVCX4nKnjllCUOMm96VJLzVLRK1kNZfVIDb4GXWo%2BT%2FbGw0MWMzhugV1s1AAwEKsyVTx2nAUhXgIR2P6%2BzeJaWk8sPenbhsaJPSlMpwIDbKywqrZQkKIN7zPuOlkqX6%2FxTuf1WgT%2B4IUboyBdRB1tU2uhhA55BLOcJmqrgTPlIMHVPQW9g%3D%3D","environmentVariables":{"FIREBASE_CONFIG":"{\"projectId\":\"nftrees-firebase\",\"databaseURL\":\"https://nftrees-firebase-default-rtdb.firebaseio.com\",\"storageBucket\":\"nftrees-firebase.appspot.com\",\"locationId\":\"us-west2\"}","GCLOUD_PROJECT":"nftrees-firebase"},"runtime":"nodejs14","ingressSettings":"ALLOW_ALL","buildId":"c2be7fb8-8b87-4698-8442-195a2f6f21bf","buildName":"projects/891218775922/locations/us-central1/builds/c2be7fb8-8b87-4698-8442-195a2f6f21bf"},"versionId":"7","updateTime":"2021-09-22T00:13:34Z","buildId":"2700e511-e645-4a24-b6a0-028e6e6c1535","buildName":"projects/891218775922/locations/us-central1/builds/2700e511-e645-4a24-b6a0-028e6e6c1535"}}
